<?xml version="1.0" encoding="UTF-8"?>
<!-- Generated by org.testng.reporters.JUnitReportReporter -->
<testsuite hostname="LAPTOP-RB8GKPRQ" failures="0" tests="1" name="com.sevenrmartsupermarket.tests.AdminUsersTest" time="5.231" errors="0" timestamp="2025-06-05T20:31:50 IST" skipped="0">
  <testcase classname="com.sevenrmartsupermarket.tests.AdminUsersTest" name="verifyUserSearch" time="5.231"/>
</testsuite> <!-- com.sevenrmartsupermarket.tests.AdminUsersTest -->
