<?xml version="1.0" encoding="UTF-8"?>
<!-- Generated by org.testng.reporters.JUnitReportReporter -->
<testsuite hostname="LAPTOP-RB8GKPRQ" failures="0" tests="1" name="com.sevenrmartsupermarket.tests.DashBoardTest" time="3.243" errors="0" timestamp="2025-06-03T21:16:45 IST" skipped="0">
  <testcase classname="com.sevenrmartsupermarket.tests.DashBoardTest" name="verifyClickonAdminMoreInfo" time="3.243"/>
</testsuite> <!-- com.sevenrmartsupermarket.tests.DashBoardTest -->
