<?xml version="1.0" encoding="UTF-8"?>
<!-- Generated by org.testng.reporters.JUnitReportReporter -->
<testsuite hostname="LAPTOP-RB8GKPRQ" failures="0" tests="1" name="com.sevenrmartsupermarket.tests.AdminUsersTest" time="3.762" errors="0" timestamp="2025-06-09T14:58:48 IST" skipped="0">
  <testcase classname="com.sevenrmartsupermarket.tests.AdminUsersTest" name="verifyDeleteUser" time="3.762"/>
</testsuite> <!-- com.sevenrmartsupermarket.tests.AdminUsersTest -->
